total 156M
-rw-rw---- 1 root microk8s 8.0M Oct 29 18:03 0000000000014337-0000000000014731
-rw-rw---- 1 root microk8s 8.0M Oct 29 18:06 0000000000014732-0000000000015120
-rw-rw---- 1 root microk8s 3.1M Oct 29 18:06 0000000000015121-0000000000015360
-rw-rw---- 1 root microk8s 8.0M Oct 29 18:06 0000000000015361-0000000000015985
-rw-rw---- 1 root microk8s 5.3M Oct 29 18:06 0000000000015986-0000000000016384
-rw-rw---- 1 root microk8s 8.0M Oct 29 18:08 0000000000016385-0000000000016814
-rw-rw---- 1 root microk8s 8.0M Oct 29 18:11 0000000000016815-0000000000017179
-rw-rw---- 1 root microk8s 3.0M Oct 29 18:11 0000000000017180-0000000000017408
-rw-rw---- 1 root microk8s 8.0M Oct 29 18:11 0000000000017409-0000000000018037
-rw-rw---- 1 root microk8s 5.1M Oct 29 18:11 0000000000018038-0000000000018432
-rw-rw---- 1 root microk8s 8.0M Oct 29 18:13 0000000000018433-0000000000018881
-rw-rw---- 1 root microk8s 8.0M Oct 29 18:15 0000000000018882-0000000000019246
-rw-rw---- 1 root microk8s 3.0M Oct 29 18:16 0000000000019247-0000000000019456
-rw-rw---- 1 root microk8s 8.0M Oct 29 18:16 0000000000019457-0000000000020075
-rw-rw---- 1 root microk8s 5.3M Oct 29 18:16 0000000000020076-0000000000020480
-rw-rw---- 1 root microk8s 8.0M Oct 29 18:18 0000000000020481-0000000000020947
-rw-rw---- 1 root microk8s 8.0M Oct 29 18:20 0000000000020948-0000000000021318
-rw-rw---- 1 root microk8s 2.9M Oct 29 18:21 0000000000021319-0000000000021504
-rw-rw---- 1 root microk8s 8.0M Oct 29 18:21 0000000000021505-0000000000022120
-rw-rw---- 1 root microk8s 5.2M Oct 29 18:21 0000000000022121-0000000000022528
-rw-rw---- 1 root microk8s 1.9K Oct 29 17:22 cluster.crt
-rw-rw---- 1 root microk8s 3.2K Oct 29 17:22 cluster.key
-rw-rw---- 1 root microk8s   63 Oct 29 18:21 cluster.yaml
-rw-rw-r-- 1 root microk8s    2 Oct 29 17:41 failure-domain
-rw-rw---- 1 root microk8s   57 Oct 29 17:23 info.yaml
srw-rw---- 1 root microk8s    0 Oct 29 17:41 kine.sock:12379
-rw-rw---- 1 root microk8s   32 Oct 29 17:23 metadata1
-rw-rw---- 1 root microk8s 8.0M Oct 29 18:21 open-44
-rw-rw---- 1 root microk8s 8.0M Oct 29 18:21 open-45
-rw-rw---- 1 root microk8s 8.0M Oct 29 18:21 open-46
-rw-rw---- 1 root microk8s 1.6M Oct 29 18:21 snapshot-1-21504-2419498
-rw-rw---- 1 root microk8s   72 Oct 29 18:21 snapshot-1-21504-2419498.meta
-rw-rw---- 1 root microk8s 1.2M Oct 29 18:21 snapshot-1-22528-2426517
-rw-rw---- 1 root microk8s   72 Oct 29 18:21 snapshot-1-22528-2426517.meta
